<?xml version="1.0" encoding="UTF-8"?>
<!-- Generated by org.testng.reporters.JUnitXMLReporter -->
<testsuite ignored="0" hostname="DESKTOP-A4VJ23B" failures="0" tests="8" name="Default test" time="48.493" errors="0" timestamp="2022-09-18T20:14:12 IST">
  <testcase classname="com.testngassignmment.com.Assignment1" name="launchBrowser" time="3.144"/>
  <testcase classname="com.testngassignmment.com.Assignment1" name="navigate" time="3.968"/>
  <testcase classname="com.testngassignmment.com.Assignment1" name="login" time="6.257"/>
  <testcase classname="com.testngassignmment.com.Assignment1" name="minimizeFlyoutWindow" time="2.095"/>
  <testcase classname="com.testngassignmment.com.Assignment1" name="createUser" time="22.576"/>
  <testcase classname="com.testngassignmment.com.Assignment1" name="deleteUser" time="6.76"/>
  <testcase classname="com.testngassignmment.com.Assignment1" name="logout" time="2.901"/>
  <testcase classname="com.testngassignmment.com.Assignment1" name="closeApplication" time="0.661"/>
</testsuite> <!-- Default test -->
