<?xml version="1.0" encoding="UTF-8"?>
<!-- Generated by org.testng.reporters.JUnitXMLReporter -->
<testsuite ignored="1" hostname="DESKTOP-A4VJ23B" failures="0" tests="66" name="test cases" time="407.856" errors="0" timestamp="2022-09-18T13:52:00 IST">
  <testcase classname="com.testngassignmment.com.Assign4" name="launchBrowser" time="3.024"/>
  <testcase classname="com.testngassignmment.com.Assign4" name="navigate" time="5.061"/>
  <testcase classname="com.testngassignmment.com.Assign4" name="login" time="6.257"/>
  <testcase classname="com.testngassignmment.com.Assign4" name="minimizeFlyoutWindow" time="2.069"/>
  <testcase classname="com.testngassignmment.com.Assign4" name="createCustomer" time="12.923"/>
  <testcase classname="com.testngassignmment.com.Assign4" name="modifyCustomer" time="6.392"/>
  <testcase classname="com.testngassignmment.com.Assign4" name="deleteCustomer" time="8.326"/>
  <testcase classname="com.testngassignmment.com.Assign4" name="logout" time="2.293"/>
  <testcase classname="com.testngassignmment.com.Assign4" name="closeApplication" time="0.398"/>
  <testcase classname="com.testngassignmment.com.Assignment1" name="launchBrowser" time="1.577"/>
  <testcase classname="com.testngassignmment.com.Assignment1" name="navigate" time="4.169"/>
  <testcase classname="com.testngassignmment.com.Assignment1" name="login" time="6.278"/>
  <testcase classname="com.testngassignmment.com.Assignment1" name="minimizeFlyoutWindow" time="2.084"/>
  <testcase classname="com.testngassignmment.com.Assignment1" name="createUser" time="20.64"/>
  <testcase classname="com.testngassignmment.com.Assignment1" name="deleteUser" time="6.469"/>
  <testcase classname="com.testngassignmment.com.Assignment1" name="logout" time="2.356"/>
  <testcase classname="com.testngassignmment.com.Assignment1" name="closeApplication" time="0.386"/>
  <testcase classname="com.testngassignmment.com.Assignment2" name="launchBrowser" time="1.455"/>
  <testcase classname="com.testngassignmment.com.Assignment2" name="navigate" time="3.973"/>
  <testcase classname="com.testngassignmment.com.Assignment2" name="login" time="6.263"/>
  <testcase classname="com.testngassignmment.com.Assignment2" name="minimizeFlyoutWindow" time="2.089"/>
  <testcase classname="com.testngassignmment.com.Assignment2" name="createUser" time="19.776"/>
  <testcase classname="com.testngassignmment.com.Assignment2" name="modifyUser" time="10.683"/>
  <testcase classname="com.testngassignmment.com.Assignment2" name="deleteUser" time="6.217"/>
  <testcase classname="com.testngassignmment.com.Assignment2" name="logout" time="2.336"/>
  <testcase classname="com.testngassignmment.com.Assignment2" name="closeApplication" time="0.485"/>
  <testcase classname="com.testngassignmment.com.Assignment3" name="launchBrowser" time="1.293"/>
  <testcase classname="com.testngassignmment.com.Assignment3" name="navigate" time="4.375"/>
  <testcase classname="com.testngassignmment.com.Assignment3" name="login" time="6.231"/>
  <testcase classname="com.testngassignmment.com.Assignment3" name="minimizeFlyoutWindow" time="2.076"/>
  <testcase classname="com.testngassignmment.com.Assignment3" name="createCustomer" time="12.925"/>
  <testcase classname="com.testngassignmment.com.Assignment3" name="deleteCustomer" time="8.321"/>
  <testcase classname="com.testngassignmment.com.Assignment3" name="logout" time="2.299"/>
  <testcase classname="com.testngassignmment.com.Assignment3" name="closeApplication" time="0.393"/>
  <testcase classname="com.testngassignmment.com.Assignment6" name="launchBrowser" time="1.205"/>
  <testcase classname="com.testngassignmment.com.Assignment6" name="navigate" time="4.648"/>
  <testcase classname="com.testngassignmment.com.Assignment6" name="login" time="6.256"/>
  <testcase classname="com.testngassignmment.com.Assignment6" name="minimizeFlyoutWindow" time="2.061"/>
  <testcase classname="com.testngassignmment.com.Assignment6" name="createCustomer" time="13.077"/>
  <testcase classname="com.testngassignmment.com.Assignment6" name="createProject" time="14.582"/>
  <testcase classname="com.testngassignmment.com.Assignment6" name="modifyProject" time="10.45"/>
  <testcase classname="com.testngassignmment.com.Assignment6" name="deleteProject" time="10.43"/>
  <testcase classname="com.testngassignmment.com.Assignment6" name="deleteCustomer" time="10.439"/>
  <testcase classname="com.testngassignmment.com.Assignment6" name="logout" time="2.346"/>
  <testcase classname="com.testngassignmment.com.Assignment6" name="closeApplication" time="0.374"/>
  <testcase classname="com.testngassignmment.com.Assignment7" name="launchBrowser" time="1.55"/>
  <testcase classname="com.testngassignmment.com.Assignment7" name="navigate" time="4.511"/>
  <testcase classname="com.testngassignmment.com.Assignment7" name="login" time="6.249"/>
  <testcase classname="com.testngassignmment.com.Assignment7" name="minimizeFlyoutWindow" time="2.06"/>
  <testcase classname="com.testngassignmment.com.Assignment7" name="createCustomer" time="13.218"/>
  <testcase classname="com.testngassignmment.com.Assignment7" name="createProject" time="14.51"/>
  <testcase classname="com.testngassignmment.com.Assignment7" name="createTask" time="18.884"/>
  <testcase classname="com.testngassignmment.com.Assignment7" name="deleteProject" time="10.529"/>
  <testcase classname="com.testngassignmment.com.Assignment7" name="deleteCustomer" time="10.401"/>
  <testcase classname="com.testngassignmment.com.Assignment7" name="logout" time="2.366"/>
  <testcase classname="com.testngassignmment.com.Assignment7" name="closeApplication" time="0.473"/>
  <testcase classname="com.testngassignmment.com.Assignmet5" name="launchBrowser" time="1.522"/>
  <testcase classname="com.testngassignmment.com.Assignmet5" name="navigate" time="4.245"/>
  <testcase classname="com.testngassignmment.com.Assignmet5" name="login" time="6.264"/>
  <testcase classname="com.testngassignmment.com.Assignmet5" name="minimizeFlyoutWindow" time="2.061"/>
  <testcase classname="com.testngassignmment.com.Assignmet5" name="createCustomer" time="12.946"/>
  <testcase classname="com.testngassignmment.com.Assignmet5" name="createProject" time="14.543"/>
  <testcase classname="com.testngassignmment.com.Assignmet5" name="deleteProject" time="10.438"/>
  <testcase classname="com.testngassignmment.com.Assignmet5" name="deleteCustomer" time="10.412"/>
  <testcase classname="com.testngassignmment.com.Assignmet5" name="logout" time="2.339"/>
  <testcase classname="com.testngassignmment.com.Assignmet5" name="closeApplication" time="0.312"/>
  <testcase classname="com.testngassignmment.com.Assignment7" name="deleteTask" time="0.0">
    <ignored/>
  </testcase> <!-- deleteTask -->
</testsuite> <!-- test cases -->
