<?xml version="1.0" encoding="UTF-8"?>
<testng-results ignored="0" total="8" passed="8" failed="0" skipped="0">
  <reporter-output>
  </reporter-output>
  <suite started-at="2022-09-18T20:13:24 IST" name="Default suite" finished-at="2022-09-18T20:14:12 IST" duration-ms="48493">
    <groups>
    </groups>
    <test started-at="2022-09-18T20:13:24 IST" name="Default test" finished-at="2022-09-18T20:14:12 IST" duration-ms="48493">
      <class name="com.testngassignmment.com.Assignment1">
        <test-method signature="launchBrowser()[pri:1, instance:com.testngassignmment.com.Assignment1@156b88f5]" started-at="2022-09-18T20:13:24 IST" name="launchBrowser" finished-at="2022-09-18T20:13:27 IST" duration-ms="3144" status="PASS">
          <reporter-output>
          </reporter-output>
        </test-method> <!-- launchBrowser -->
        <test-method signature="navigate()[pri:2, instance:com.testngassignmment.com.Assignment1@156b88f5]" started-at="2022-09-18T20:13:27 IST" name="navigate" finished-at="2022-09-18T20:13:31 IST" duration-ms="3968" status="PASS">
          <reporter-output>
          </reporter-output>
        </test-method> <!-- navigate -->
        <test-method signature="login(java.lang.String,java.lang.String)[pri:3, instance:com.testngassignmment.com.Assignment1@156b88f5]" started-at="2022-09-18T20:13:31 IST" name="login" data-provider="getcredentials" finished-at="2022-09-18T20:13:37 IST" duration-ms="6257" status="PASS">
          <params>
            <param index="0">
              <value>
                <![CDATA[admin]]>
              </value>
            </param>
            <param index="1">
              <value>
                <![CDATA[manager]]>
              </value>
            </param>
          </params>
          <reporter-output>
          </reporter-output>
        </test-method> <!-- login -->
        <test-method signature="minimizeFlyoutWindow()[pri:4, instance:com.testngassignmment.com.Assignment1@156b88f5]" started-at="2022-09-18T20:13:37 IST" name="minimizeFlyoutWindow" finished-at="2022-09-18T20:13:39 IST" duration-ms="2095" status="PASS">
          <reporter-output>
          </reporter-output>
        </test-method> <!-- minimizeFlyoutWindow -->
        <test-method signature="createUser()[pri:5, instance:com.testngassignmment.com.Assignment1@156b88f5]" started-at="2022-09-18T20:13:39 IST" name="createUser" finished-at="2022-09-18T20:14:02 IST" duration-ms="22576" status="PASS">
          <reporter-output>
          </reporter-output>
        </test-method> <!-- createUser -->
        <test-method signature="deleteUser()[pri:6, instance:com.testngassignmment.com.Assignment1@156b88f5]" started-at="2022-09-18T20:14:02 IST" name="deleteUser" finished-at="2022-09-18T20:14:09 IST" duration-ms="6760" status="PASS">
          <reporter-output>
          </reporter-output>
        </test-method> <!-- deleteUser -->
        <test-method signature="logout()[pri:7, instance:com.testngassignmment.com.Assignment1@156b88f5]" started-at="2022-09-18T20:14:09 IST" name="logout" finished-at="2022-09-18T20:14:12 IST" duration-ms="2901" status="PASS">
          <reporter-output>
          </reporter-output>
        </test-method> <!-- logout -->
        <test-method signature="closeApplication()[pri:8, instance:com.testngassignmment.com.Assignment1@156b88f5]" started-at="2022-09-18T20:14:12 IST" name="closeApplication" finished-at="2022-09-18T20:14:12 IST" duration-ms="661" status="PASS">
          <reporter-output>
          </reporter-output>
        </test-method> <!-- closeApplication -->
      </class> <!-- com.testngassignmment.com.Assignment1 -->
    </test> <!-- Default test -->
  </suite> <!-- Default suite -->
</testng-results>
